-------------------------------------------------------------------------------
Test set: Expenses Module: Testing main functionalities for smoke test
-------------------------------------------------------------------------------
Tests run: 4, Failures: 0, Errors: 2, Skipped: 0, Time elapsed: 24.288 s <<< FAILURE! - in Expenses Module: Testing main functionalities for smoke test
As a user I should be able to Approve any submitted entries(Expenses Module: Testing main functionalities for smoke test)  Time elapsed: 8.893 s  <<< ERROR!
org.openqa.selenium.NoSuchElementException: 
Cannot locate an element using xpath=//table[@class='o_list_view table table-condensed table-striped o_list_view_ungrouped']/tbody/tr[2]/td[6]
For documentation on this error, please visit: https://www.seleniumhq.org/exceptions/no_such_element.html
Build info: version: '3.141.59', revision: 'e82be7d358', time: '2018-11-14T08:17:03'
System info: host: 'Begimais-MacBook-Pro.local', ip: 'fe80:0:0:0:10cd:9cc7:14:ded%en0', os.name: 'Mac OS X', os.arch: 'x86_64', os.version: '10.15', java.version: '13.0.1'
Driver info: driver.version: RemoteWebDriver

As a user I should be able to Approve any submitted entries(Expenses Module: Testing main functionalities for smoke test)  Time elapsed: 0 s  <<< ERROR!
org.openqa.selenium.NoSuchWindowException: 
no such window: target window already closed
from unknown error: web view not found
  (Session info: chrome=80.0.3987.122)
Build info: version: '3.141.59', revision: 'e82be7d358', time: '2018-11-14T08:17:03'
System info: host: 'Begimais-MacBook-Pro.local', ip: 'fe80:0:0:0:10cd:9cc7:14:ded%en0', os.name: 'Mac OS X', os.arch: 'x86_64', os.version: '10.15', java.version: '13.0.1'
Driver info: org.openqa.selenium.chrome.ChromeDriver
Capabilities {acceptInsecureCerts: false, browserName: chrome, browserVersion: 80.0.3987.122, chrome: {chromedriverVersion: 80.0.3987.106 (f68069574609..., userDataDir: /var/folders/dq/0bybqq_j3g7...}, goog:chromeOptions: {debuggerAddress: localhost:57055}, javascriptEnabled: true, networkConnectionEnabled: false, pageLoadStrategy: normal, platform: MAC, platformName: MAC, proxy: Proxy(), setWindowRect: true, strictFileInteractability: false, timeouts: {implicit: 0, pageLoad: 300000, script: 30000}, unhandledPromptBehavior: dismiss and notify}
Session ID: 09fa3e65860cac9e39fd13c8fe988e7e

