<?xml version="1.0" encoding="UTF-8"?>
<testsuite xmlns:xsi="http://www.w3.org/2001/XMLSchema-instance" xsi:noNamespaceSchemaLocation="https://maven.apache.org/surefire/maven-surefire-plugin/xsd/surefire-test-report.xsd" name="As user I should be able to see all submitted / refused / approved statuses" time="45.67" tests="3" errors="1" skipped="0" failures="0">
  <properties>
[...]
</properties>
  <testcase name="Verification submitted / approved / refuse expenses" classname="As user I should be able to see all submitted / refused / approved statuses" time="14.562">
    <error message="element click intercepted: Element &lt;div class=&quot;fa fa-sm fa-remove o_facet_remove&quot;&gt;&lt;/div&gt; is not clickable at point (931, 56). Other element would receive the click: &lt;div class=&quot;blockUI blockOverlay&quot; style=&quot;z-index: 1100; border: none; margin: 0px; padding: 0px; width: 100%; height: 100%; top: 0px; left: 0px; background-color: rgb(0, 0, 0); opacity: 0.307068; cursor: default; position: fixed;&quot;&gt;&lt;/div&gt;&#10;  (Session info: chrome=80.0.3987.122)&#10;Build info: version: &apos;3.141.59&apos;, revision: &apos;e82be7d358&apos;, time: &apos;2018-11-14T08:17:03&apos;&#10;System info: host: &apos;Begimais-MacBook-Pro.local&apos;, ip: &apos;fe80:0:0:0:10cd:9cc7:14:ded%en0&apos;, os.name: &apos;Mac OS X&apos;, os.arch: &apos;x86_64&apos;, os.version: &apos;10.15&apos;, java.version: &apos;13.0.1&apos;&#10;Driver info: org.openqa.selenium.chrome.ChromeDriver&#10;Capabilities {acceptInsecureCerts: false, browserName: chrome, browserVersion: 80.0.3987.122, chrome: {chromedriverVersion: 80.0.3987.106 (f68069574609..., userDataDir: /var/folders/dq/0bybqq_j3g7...}, goog:chromeOptions: {debuggerAddress: localhost:56945}, javascriptEnabled: true, networkConnectionEnabled: false, pageLoadStrategy: normal, platform: MAC, platformName: MAC, proxy: Proxy(), setWindowRect: true, strictFileInteractability: false, timeouts: {implicit: 0, pageLoad: 300000, script: 30000}, unhandledPromptBehavior: dismiss and notify}&#10;Session ID: c73c48893514a84a888ce43f9f7c720f" type="org.openqa.selenium.ElementClickInterceptedException"><![CDATA[org.openqa.selenium.ElementClickInterceptedException: 
element click intercepted: Element <div class="fa fa-sm fa-remove o_facet_remove"></div> is not clickable at point (931, 56). Other element would receive the click: <div class="blockUI blockOverlay" style="z-index: 1100; border: none; margin: 0px; padding: 0px; width: 100%; height: 100%; top: 0px; left: 0px; background-color: rgb(0, 0, 0); opacity: 0.307068; cursor: default; position: fixed;"></div>
  (Session info: chrome=80.0.3987.122)
Build info: version: '3.141.59', revision: 'e82be7d358', time: '2018-11-14T08:17:03'
System info: host: 'Begimais-MacBook-Pro.local', ip: 'fe80:0:0:0:10cd:9cc7:14:ded%en0', os.name: 'Mac OS X', os.arch: 'x86_64', os.version: '10.15', java.version: '13.0.1'
Driver info: org.openqa.selenium.chrome.ChromeDriver
Capabilities {acceptInsecureCerts: false, browserName: chrome, browserVersion: 80.0.3987.122, chrome: {chromedriverVersion: 80.0.3987.106 (f68069574609..., userDataDir: /var/folders/dq/0bybqq_j3g7...}, goog:chromeOptions: {debuggerAddress: localhost:56945}, javascriptEnabled: true, networkConnectionEnabled: false, pageLoadStrategy: normal, platform: MAC, platformName: MAC, proxy: Proxy(), setWindowRect: true, strictFileInteractability: false, timeouts: {implicit: 0, pageLoad: 300000, script: 30000}, unhandledPromptBehavior: dismiss and notify}
Session ID: c73c48893514a84a888ce43f9f7c720f
]]></error>
    <system-out><![CDATA[
&amp#27;[31mFailed scenarios:&amp#27;[0m
&amp#27;[31msrc/test/resources/features/expensesToApproveStatus.feature:4 &amp#27;[0m# Verification submitted / approved / refuse expenses

3 Scenarios (&amp#27;[31m1 failed&amp#27;[0m, &amp#27;[32m2 passed&amp#27;[0m)
24 Steps (&amp#27;[31m1 failed&amp#27;[0m, &amp#27;[36m4 skipped&amp#27;[0m, &amp#27;[32m19 passed&amp#27;[0m)
0m46.071s

org.openqa.selenium.ElementClickInterceptedException: element click intercepted: Element <div class="fa fa-sm fa-remove o_facet_remove"></div> is not clickable at point (931, 56). Other element would receive the click: <div class="blockUI blockOverlay" style="z-index: 1100; border: none; margin: 0px; padding: 0px; width: 100%; height: 100%; top: 0px; left: 0px; background-color: rgb(0, 0, 0); opacity: 0.307068; cursor: default; position: fixed;"></div>
  (Session info: chrome=80.0.3987.122)
Build info: version: '3.141.59', revision: 'e82be7d358', time: '2018-11-14T08:17:03'
System info: host: 'Begimais-MacBook-Pro.local', ip: 'fe80:0:0:0:10cd:9cc7:14:ded%en0', os.name: 'Mac OS X', os.arch: 'x86_64', os.version: '10.15', java.version: '13.0.1'
Driver info: org.openqa.selenium.chrome.ChromeDriver
Capabilities {acceptInsecureCerts: false, browserName: chrome, browserVersion: 80.0.3987.122, chrome: {chromedriverVersion: 80.0.3987.106 (f68069574609..., userDataDir: /var/folders/dq/0bybqq_j3g7...}, goog:chromeOptions: {debuggerAddress: localhost:56945}, javascriptEnabled: true, networkConnectionEnabled: false, pageLoadStrategy: normal, platform: MAC, platformName: MAC, proxy: Proxy(), setWindowRect: true, strictFileInteractability: false, timeouts: {implicit: 0, pageLoad: 300000, script: 30000}, unhandledPromptBehavior: dismiss and notify}
Session ID: c73c48893514a84a888ce43f9f7c720f
	at java.base/jdk.internal.reflect.NativeConstructorAccessorImpl.newInstance0(Native Method)
	at java.base/jdk.internal.reflect.NativeConstructorAccessorImpl.newInstance(NativeConstructorAccessorImpl.java:62)
	at java.base/jdk.internal.reflect.DelegatingConstructorAccessorImpl.newInstance(DelegatingConstructorAccessorImpl.java:45)
	at java.base/java.lang.reflect.Constructor.newInstanceWithCaller(Constructor.java:500)
	at java.base/java.lang.reflect.Constructor.newInstance(Constructor.java:481)
	at org.openqa.selenium.remote.http.W3CHttpResponseCodec.createException(W3CHttpResponseCodec.java:187)
	at org.openqa.selenium.remote.http.W3CHttpResponseCodec.decode(W3CHttpResponseCodec.java:122)
	at org.openqa.selenium.remote.http.W3CHttpResponseCodec.decode(W3CHttpResponseCodec.java:49)
	at org.openqa.selenium.remote.HttpCommandExecutor.execute(HttpCommandExecutor.java:158)
	at org.openqa.selenium.remote.service.DriverCommandExecutor.execute(DriverCommandExecutor.java:83)
	at org.openqa.selenium.remote.RemoteWebDriver.execute(RemoteWebDriver.java:552)
	at org.openqa.selenium.remote.RemoteWebElement.execute(RemoteWebElement.java:285)
	at org.openqa.selenium.remote.RemoteWebElement.click(RemoteWebElement.java:84)
	at java.base/jdk.internal.reflect.NativeMethodAccessorImpl.invoke0(Native Method)
	at java.base/jdk.internal.reflect.NativeMethodAccessorImpl.invoke(NativeMethodAccessorImpl.java:62)
	at java.base/jdk.internal.reflect.DelegatingMethodAccessorImpl.invoke(DelegatingMethodAccessorImpl.java:43)
	at java.base/java.lang.reflect.Method.invoke(Method.java:567)
	at org.openqa.selenium.support.pagefactory.internal.LocatingElementHandler.invoke(LocatingElementHandler.java:51)
	at com.sun.proxy.$Proxy18.click(Unknown Source)
	at step_definitions.ExpensesToApproveStatus_step.remove_to_approve_filter_on_the_search_box(ExpensesToApproveStatus_step.java:52)
	at ✽.Remove to approve filter on the search box(src/test/resources/features/expensesToApproveStatus.feature:10)

]]></system-out>
    <system-err><![CDATA[SLF4J: Failed to load class "org.slf4j.impl.StaticLoggerBinder".
SLF4J: Defaulting to no-operation (NOP) logger implementation
SLF4J: See http://www.slf4j.org/codes.html#StaticLoggerBinder for further details.
Starting ChromeDriver 80.0.3987.106 (f68069574609230cf9b635cd784cfb1bf81bb53a-refs/branch-heads/3987@{#882}) on port 1612
Only local connections are allowed.
Please protect ports used by ChromeDriver and related test frameworks to prevent access by malicious code.
Mar 02, 2020 10:49:44 AM org.openqa.selenium.remote.ProtocolHandshake createSession
INFO: Detected dialect: W3C
[1583167785.909][SEVERE]: Timed out receiving message from renderer: 0.100
[1583167786.011][SEVERE]: Timed out receiving message from renderer: 0.100
[1583167786.112][SEVERE]: Timed out receiving message from renderer: 0.100
[1583167786.213][SEVERE]: Timed out receiving message from renderer: 0.100
[1583167786.314][SEVERE]: Timed out receiving message from renderer: 0.100
[1583167786.415][SEVERE]: Timed out receiving message from renderer: 0.100
[1583167786.516][SEVERE]: Timed out receiving message from renderer: 0.100
[1583167786.619][SEVERE]: Timed out receiving message from renderer: 0.100
[1583167788.264][SEVERE]: Timed out receiving message from renderer: 0.100
[1583167788.365][SEVERE]: Timed out receiving message from renderer: 0.100
[1583167788.468][SEVERE]: Timed out receiving message from renderer: 0.100
[1583167788.569][SEVERE]: Timed out receiving message from renderer: 0.100
[1583167788.674][SEVERE]: Timed out receiving message from renderer: 0.100
[1583167788.775][SEVERE]: Timed out receiving message from renderer: 0.100
[1583167788.878][SEVERE]: Timed out receiving message from renderer: 0.100
[1583167788.987][SEVERE]: Timed out receiving message from renderer: 0.100
[1583167789.133][SEVERE]: Timed out receiving message from renderer: 0.100
]]></system-err>
  </testcase>
  <testcase name="Verification submitted / approved / refuse expenses" classname="As user I should be able to see all submitted / refused / approved statuses" time="14.154"/>
  <testcase name="Verification submitted / approved / refuse expenses" classname="As user I should be able to see all submitted / refused / approved statuses" time="16.95"/>
</testsuite>